[debug] [2025-03-27T10:33:24.640Z] ----------------------------------------------------------------------
[debug] [2025-03-27T10:33:24.651Z] Command:       C:\Program Files\nodejs\node.exe C:\Users\01kan\AppData\Roaming\npm\node_modules\firebase-tools\lib\bin\firebase.js init
[debug] [2025-03-27T10:33:24.652Z] CLI Version:   13.35.1
[debug] [2025-03-27T10:33:24.653Z] Platform:      win32
[debug] [2025-03-27T10:33:24.653Z] Node Version:  v22.14.0
[debug] [2025-03-27T10:33:24.654Z] Time:          Thu Mar 27 2025 17:33:24 GMT+0700 (เวลาอินโดจีน)
[debug] [2025-03-27T10:33:24.655Z] ----------------------------------------------------------------------
[debug] 
[debug] [2025-03-27T10:33:24.677Z] > command requires scopes: ["email","openid","https://www.googleapis.com/auth/cloudplatformprojects.readonly","https://www.googleapis.com/auth/firebase","https://www.googleapis.com/auth/cloud-platform"]
[debug] [2025-03-27T10:33:24.678Z] > authorizing via signed-in user (01kanokpich12com61@gmail.com)
[info] 
     ######## #### ########  ######## ########     ###     ######  ########
     ##        ##  ##     ## ##       ##     ##  ##   ##  ##       ##
     ######    ##  ########  ######   ########  #########  ######  ######
     ##        ##  ##    ##  ##       ##     ## ##     ##       ## ##
     ##       #### ##     ## ######## ########  ##     ##  ######  ########

You're about to initialize a Firebase project in this directory:

  C:\Users\01kan\Portpolio-mini-PJ

[info] 
=== Project Setup
[info] 
[info] First, let's associate this project directory with a Firebase project.
[info] You can create multiple project aliases by running firebase use --add, 
[info] but for now we'll just set up a default project.
[info] 
[debug] [2025-03-27T10:33:35.323Z] Checked if tokens are valid: true, expires at: 1743075033752
[debug] [2025-03-27T10:33:35.324Z] Checked if tokens are valid: true, expires at: 1743075033752
[debug] [2025-03-27T10:33:35.327Z] >>> [apiv2][query] GET https://firebase.googleapis.com/v1beta1/projects pageSize=100
[debug] [2025-03-27T10:33:36.171Z] <<< [apiv2][status] GET https://firebase.googleapis.com/v1beta1/projects 200
[debug] [2025-03-27T10:33:36.172Z] <<< [apiv2][body] GET https://firebase.googleapis.com/v1beta1/projects [omitted]
[info] i  Using project portfolio-a786f (portfolio) 
[info] 
=== Hosting Setup
[debug] [2025-03-27T10:33:40.309Z] Checked if tokens are valid: true, expires at: 1743075033752
[debug] [2025-03-27T10:33:40.310Z] Checked if tokens are valid: true, expires at: 1743075033752
[debug] [2025-03-27T10:33:40.310Z] >>> [apiv2][query] GET https://firebase.googleapis.com/v1beta1/projects/portfolio-a786f [none]
[debug] [2025-03-27T10:33:41.559Z] <<< [apiv2][status] GET https://firebase.googleapis.com/v1beta1/projects/portfolio-a786f 200
[debug] [2025-03-27T10:33:41.560Z] <<< [apiv2][body] GET https://firebase.googleapis.com/v1beta1/projects/portfolio-a786f {"projectId":"portfolio-a786f","projectNumber":"98590321134","displayName":"portfolio","name":"projects/portfolio-a786f","resources":{"hostingSite":"portfolio-a786f"},"state":"ACTIVE","etag":"1_b63d84ac-d737-485d-8996-957f557f4cf5"}
[info] 
[info] Your public directory is the folder (relative to your project directory) that
[info] will contain Hosting assets to be uploaded with firebase deploy. If you
[info] have a build process for your assets, use your build's output directory.
[info] 
